This is XeTeX, Version 3.141592653-2.6-0.999993 (TeX Live 2021) (preloaded format=xelatex 2022.3.7)  17 NOV 2023 18:18
entering extended mode
 restricted \write18 enabled.
 %&-line parsing enabled.
**note04.tex
(./note04.tex
LaTeX2e <2021-11-15> patch level 1
L3 programming layer <2022-02-24>
(/home/cytu/bin/texlive/2021/texmf-dist/tex/latex/extsizes/extarticle.cls
Document Class: extarticle 1996/10/08 v1.0 Non Standard LaTeX document class
(/home/cytu/bin/texlive/2021/texmf-dist/tex/latex/base/size12.clo
File: size12.clo 2021/10/04 v1.4n Standard LaTeX file (size option)
)
(/home/cytu/bin/texlive/2021/texmf-dist/tex/latex/base/exscale.sty
Package: exscale 2018/09/24 v2.1i Standard LaTeX package exscale
LaTeX Font Info:    Redeclaring symbol font `largesymbols' on input line 57.
LaTeX Font Info:    Overwriting symbol font `largesymbols' in version `normal'
(Font)                  OMX/cmex/m/n --> OMX/cmex/m/n on input line 57.
LaTeX Font Info:    Overwriting symbol font `largesymbols' in version `bold'
(Font)                  OMX/cmex/m/n --> OMX/cmex/m/n on input line 57.
\big@size=\dimen138
)
\c@part=\count181
\c@section=\count182
\c@subsection=\count183
\c@subsubsection=\count184
\c@paragraph=\count185
\c@subparagraph=\count186
\c@figure=\count187
\c@table=\count188
\abovecaptionskip=\skip47
\belowcaptionskip=\skip48
\bibindent=\dimen139
)
(/home/cytu/bin/texlive/2021/texmf-dist/tex/latex/amsmath/amsmath.sty
Package: amsmath 2021/10/15 v2.17l AMS math features
\@mathmargin=\skip49

For additional information on amsmath, use the `?' option.
(/home/cytu/bin/texlive/2021/texmf-dist/tex/latex/amsmath/amstext.sty
Package: amstext 2021/08/26 v2.01 AMS text

(/home/cytu/bin/texlive/2021/texmf-dist/tex/latex/amsmath/amsgen.sty
File: amsgen.sty 1999/11/30 v2.0 generic functions
\@emptytoks=\toks16
\ex@=\dimen140
))
(/home/cytu/bin/texlive/2021/texmf-dist/tex/latex/amsmath/amsbsy.sty
Package: amsbsy 1999/11/29 v1.2d Bold Symbols
\pmbraise@=\dimen141
)
(/home/cytu/bin/texlive/2021/texmf-dist/tex/latex/amsmath/amsopn.sty
Package: amsopn 2021/08/26 v2.02 operator names
)
\inf@bad=\count189
LaTeX Info: Redefining \frac on input line 234.
\uproot@=\count190
\leftroot@=\count191
LaTeX Info: Redefining \overline on input line 399.
\classnum@=\count192
\DOTSCASE@=\count193
LaTeX Info: Redefining \ldots on input line 496.
LaTeX Info: Redefining \dots on input line 499.
LaTeX Info: Redefining \cdots on input line 620.
\Mathstrutbox@=\box50
\strutbox@=\box51
\big@size=\dimen142
LaTeX Font Info:    Redeclaring font encoding OML on input line 743.
LaTeX Font Info:    Redeclaring font encoding OMS on input line 744.
\macc@depth=\count194
\c@MaxMatrixCols=\count195
\dotsspace@=\muskip16
\c@parentequation=\count196
\dspbrk@lvl=\count197
\tag@help=\toks17
\row@=\count198
\column@=\count199
\maxfields@=\count266
\andhelp@=\toks18
\eqnshift@=\dimen143
\alignsep@=\dimen144
\tagshift@=\dimen145
\tagwidth@=\dimen146
\totwidth@=\dimen147
\lineht@=\dimen148
\@envbody=\toks19
\multlinegap=\skip50
\multlinetaggap=\skip51
\mathdisplay@stack=\toks20
LaTeX Info: Redefining \[ on input line 2938.
LaTeX Info: Redefining \] on input line 2939.
)
(/home/cytu/bin/texlive/2021/texmf-dist/tex/latex/amsfonts/amsfonts.sty
Package: amsfonts 2013/01/14 v3.01 Basic AMSFonts support
\symAMSa=\mathgroup4
\symAMSb=\mathgroup5
LaTeX Font Info:    Redeclaring math symbol \hbar on input line 98.
LaTeX Font Info:    Overwriting math alphabet `\mathfrak' in version `bold'
(Font)                  U/euf/m/n --> U/euf/b/n on input line 106.
)
(/home/cytu/bin/texlive/2021/texmf-dist/tex/latex/amsfonts/amssymb.sty
Package: amssymb 2013/01/14 v3.01 AMS font symbols
)
(/home/cytu/bin/texlive/2021/texmf-dist/tex/latex/amscls/amsthm.sty
Package: amsthm 2020/05/29 v2.20.6
\thm@style=\toks21
\thm@bodyfont=\toks22
\thm@headfont=\toks23
\thm@notefont=\toks24
\thm@headpunct=\toks25
\thm@preskip=\skip52
\thm@postskip=\skip53
\thm@headsep=\skip54
\dth@everypar=\toks26
)
(/home/cytu/bin/texlive/2021/texmf-dist/tex/latex/graphics/graphicx.sty
Package: graphicx 2021/09/16 v1.2d Enhanced LaTeX Graphics (DPC,SPQR)

(/home/cytu/bin/texlive/2021/texmf-dist/tex/latex/graphics/keyval.sty
Package: keyval 2014/10/28 v1.15 key=value parser (DPC)
\KV@toks@=\toks27
)
(/home/cytu/bin/texlive/2021/texmf-dist/tex/latex/graphics/graphics.sty
Package: graphics 2021/03/04 v1.4d Standard LaTeX Graphics (DPC,SPQR)

(/home/cytu/bin/texlive/2021/texmf-dist/tex/latex/graphics/trig.sty
Package: trig 2021/08/11 v1.11 sin cos tan (DPC)
)
(/home/cytu/bin/texlive/2021/texmf-dist/tex/latex/graphics-cfg/graphics.cfg
File: graphics.cfg 2016/06/04 v1.11 sample graphics configuration
)
Package graphics Info: Driver file: xetex.def on input line 107.

(/home/cytu/bin/texlive/2021/texmf-dist/tex/latex/graphics-def/xetex.def
File: xetex.def 2021/03/18 v5.0k Graphics/color driver for xetex
))
\Gin@req@height=\dimen149
\Gin@req@width=\dimen150
)
(/home/cytu/bin/texlive/2021/texmf-dist/tex/latex/xcolor/xcolor.sty
Package: xcolor 2021/10/31 v2.13 LaTeX color extensions (UK)

(/home/cytu/bin/texlive/2021/texmf-dist/tex/latex/graphics-cfg/color.cfg
File: color.cfg 2016/01/02 v1.6 sample color configuration
)
Package xcolor Info: Driver file: xetex.def on input line 227.
Package xcolor Info: Model `cmy' substituted by `cmy0' on input line 1352.
Package xcolor Info: Model `RGB' extended on input line 1368.
Package xcolor Info: Model `HTML' substituted by `rgb' on input line 1370.
Package xcolor Info: Model `Hsb' substituted by `hsb' on input line 1371.
Package xcolor Info: Model `tHsb' substituted by `hsb' on input line 1372.
Package xcolor Info: Model `HSB' substituted by `hsb' on input line 1373.
Package xcolor Info: Model `Gray' substituted by `gray' on input line 1374.
Package xcolor Info: Model `wave' substituted by `hsb' on input line 1375.
)
(/home/cytu/bin/texlive/2021/texmf-dist/tex/latex/natbib/natbib.sty
Package: natbib 2010/09/13 8.31b (PWD, AO)
\bibhang=\skip55
\bibsep=\skip56
LaTeX Info: Redefining \cite on input line 694.
\c@NAT@ctr=\count267
)
(/home/cytu/bin/texlive/2021/texmf-dist/tex/latex/booktabs/booktabs.sty
Package: booktabs 2020/01/12 v1.61803398 Publication quality tables
\heavyrulewidth=\dimen151
\lightrulewidth=\dimen152
\cmidrulewidth=\dimen153
\belowrulesep=\dimen154
\belowbottomsep=\dimen155
\aboverulesep=\dimen156
\abovetopsep=\dimen157
\cmidrulesep=\dimen158
\cmidrulekern=\dimen159
\defaultaddspace=\dimen160
\@cmidla=\count268
\@cmidlb=\count269
\@aboverulesep=\dimen161
\@belowrulesep=\dimen162
\@thisruleclass=\count270
\@lastruleclass=\count271
\@thisrulewidth=\dimen163
)
(/home/cytu/bin/texlive/2021/texmf-dist/tex/latex/tools/tabularx.sty
Package: tabularx 2020/01/15 v2.11c `tabularx' package (DPC)

(/home/cytu/bin/texlive/2021/texmf-dist/tex/latex/tools/array.sty
Package: array 2021/10/04 v2.5f Tabular extension package (FMi)
\col@sep=\dimen164
\ar@mcellbox=\box52
\extrarowheight=\dimen165
\NC@list=\toks28
\extratabsurround=\skip57
\backup@length=\skip58
\ar@cellbox=\box53
)
\TX@col@width=\dimen166
\TX@old@table=\dimen167
\TX@old@col=\dimen168
\TX@target=\dimen169
\TX@delta=\dimen170
\TX@cols=\count272
\TX@ftn=\toks29
)
(/home/cytu/bin/texlive/2021/texmf-dist/tex/latex/geometry/geometry.sty
Package: geometry 2020/01/02 v5.9 Page Geometry

(/home/cytu/bin/texlive/2021/texmf-dist/tex/generic/iftex/ifvtex.sty
Package: ifvtex 2019/10/25 v1.7 ifvtex legacy package. Use iftex instead.

(/home/cytu/bin/texlive/2021/texmf-dist/tex/generic/iftex/iftex.sty
Package: iftex 2022/02/03 v1.0f TeX engine tests
))
\Gm@cnth=\count273
\Gm@cntv=\count274
\c@Gm@tempcnt=\count275
\Gm@bindingoffset=\dimen171
\Gm@wd@mp=\dimen172
\Gm@odd@mp=\dimen173
\Gm@even@mp=\dimen174
\Gm@layoutwidth=\dimen175
\Gm@layoutheight=\dimen176
\Gm@layouthoffset=\dimen177
\Gm@layoutvoffset=\dimen178
\Gm@dimlist=\toks30
)
(/home/cytu/bin/texlive/2021/texmf-dist/tex/latex/enumitem/enumitem.sty
Package: enumitem 2019/06/20 v3.9 Customized lists
\labelindent=\skip59
\enit@outerparindent=\dimen179
\enit@toks=\toks31
\enit@inbox=\box54
\enit@count@id=\count276
\enitdp@description=\count277
)
(/home/cytu/bin/texlive/2021/texmf-dist/tex/xelatex/xecjk/xeCJK.sty
(/home/cytu/bin/texlive/2021/texmf-dist/tex/latex/l3kernel/expl3.sty
Package: expl3 2022-02-24 L3 programming layer (loader) 

(/home/cytu/bin/texlive/2021/texmf-dist/tex/latex/l3backend/l3backend-xetex.def
File: l3backend-xetex.def 2022-02-07 L3 backend support: XeTeX
(|extractbb --version)
\c__kernel_sys_dvipdfmx_version_int=\count278
\l__color_backend_stack_int=\count279
\g__color_backend_stack_int=\count280
\g__graphics_track_int=\count281
\l__pdf_internal_box=\box55
\g__pdf_backend_object_int=\count282
\g__pdf_backend_annotation_int=\count283
\g__pdf_backend_link_int=\count284
))
Package: xeCJK 2021/12/12 v3.8.8 Typesetting CJK scripts with XeLaTeX

(/home/cytu/bin/texlive/2021/texmf-dist/tex/latex/ctex/ctexhook.sty
Package: ctexhook 2021/12/12 v2.5.8 Document and package hooks (CTEX)
)
(/home/cytu/bin/texlive/2021/texmf-dist/tex/latex/l3packages/l3keys2e/l3keys2e.
sty
Package: l3keys2e 2022-01-12 LaTeX2e option processing using LaTeX3 keys
)
(/home/cytu/bin/texlive/2021/texmf-dist/tex/latex/l3packages/xtemplate/xtemplat
e.sty
Package: xtemplate 2022-01-12 L3 Experimental prototype document functions
\l__xtemplate_tmp_dim=\dimen180
\l__xtemplate_tmp_int=\count285
\l__xtemplate_tmp_muskip=\muskip17
\l__xtemplate_tmp_skip=\skip60
)
(/home/cytu/bin/texlive/2021/texmf-dist/tex/latex/l3packages/xparse/xparse.sty
Package: xparse 2022-01-12 L3 Experimental document command parser
)
\l__xeCJK_tmp_int=\count286
\l__xeCJK_tmp_box=\box56
\l__xeCJK_tmp_dim=\dimen181
\l__xeCJK_tmp_skip=\skip61
\g__xeCJK_space_factor_int=\count287
\l__xeCJK_begin_int=\count288
\l__xeCJK_end_int=\count289
\c__xeCJK_CJK_class_int=\XeTeXcharclass1
\c__xeCJK_FullLeft_class_int=\XeTeXcharclass2
\c__xeCJK_FullRight_class_int=\XeTeXcharclass3
\c__xeCJK_HalfLeft_class_int=\XeTeXcharclass4
\c__xeCJK_HalfRight_class_int=\XeTeXcharclass5
\c__xeCJK_NormalSpace_class_int=\XeTeXcharclass6
\c__xeCJK_CM_class_int=\XeTeXcharclass7
\c__xeCJK_HangulJamo_class_int=\XeTeXcharclass8
\l__xeCJK_last_skip=\skip62
\g__xeCJK_node_int=\count290
\c__xeCJK_CJK_node_dim=\dimen182
\c__xeCJK_CJK-space_node_dim=\dimen183
\c__xeCJK_default_node_dim=\dimen184
\c__xeCJK_default-space_node_dim=\dimen185
\c__xeCJK_CJK-widow_node_dim=\dimen186
\c__xeCJK_normalspace_node_dim=\dimen187
\l__xeCJK_ccglue_skip=\skip63
\l__xeCJK_ecglue_skip=\skip64
\l__xeCJK_punct_kern_skip=\skip65
\l__xeCJK_last_penalty_int=\count291
\l__xeCJK_last_bound_dim=\dimen188
\l__xeCJK_last_kern_dim=\dimen189
\l__xeCJK_widow_penalty_int=\count292

Package xtemplate Info: Declaring object type 'xeCJK/punctuation' taking 0
(xtemplate)             argument(s) on line 2337.

\l__xeCJK_fixed_punct_width_dim=\dimen190
\l__xeCJK_mixed_punct_width_dim=\dimen191
\l__xeCJK_middle_punct_width_dim=\dimen192
\l__xeCJK_fixed_margin_width_dim=\dimen193
\l__xeCJK_mixed_margin_width_dim=\dimen194
\l__xeCJK_middle_margin_width_dim=\dimen195
\l__xeCJK_bound_punct_width_dim=\dimen196
\l__xeCJK_bound_margin_width_dim=\dimen197
\l__xeCJK_margin_minimum_dim=\dimen198
\l__xeCJK_kerning_total_width_dim=\dimen199
\l__xeCJK_same_align_margin_dim=\dimen256
\l__xeCJK_different_align_margin_dim=\dimen257
\l__xeCJK_kerning_margin_width_dim=\dimen258
\l__xeCJK_kerning_margin_minimum_dim=\dimen259
\l__xeCJK_bound_dim=\dimen260
\l__xeCJK_reverse_bound_dim=\dimen261
\l__xeCJK_margin_dim=\dimen262
\l__xeCJK_minimum_bound_dim=\dimen263
\l__xeCJK_kerning_margin_dim=\dimen264
\g__xeCJK_family_int=\count293
\l__xeCJK_fam_int=\count294
\g__xeCJK_fam_allocation_int=\count295
\l__xeCJK_verb_case_int=\count296
\l__xeCJK_verb_exspace_skip=\skip66
(/home/cytu/bin/texlive/2021/texmf-dist/tex/latex/fontspec/fontspec.sty
Package: fontspec 2022/01/15 v2.8a Font selection for XeLaTeX and LuaLaTeX

(/home/cytu/bin/texlive/2021/texmf-dist/tex/latex/fontspec/fontspec-xetex.sty
Package: fontspec-xetex 2022/01/15 v2.8a Font selection for XeLaTeX and LuaLaTe
X
\l__fontspec_script_int=\count297
\l__fontspec_language_int=\count298
\l__fontspec_strnum_int=\count299
\l__fontspec_tmp_int=\count300
\l__fontspec_tmpa_int=\count301
\l__fontspec_tmpb_int=\count302
\l__fontspec_tmpc_int=\count303
\l__fontspec_em_int=\count304
\l__fontspec_emdef_int=\count305
\l__fontspec_strong_int=\count306
\l__fontspec_strongdef_int=\count307
\l__fontspec_tmpa_dim=\dimen265
\l__fontspec_tmpb_dim=\dimen266
\l__fontspec_tmpc_dim=\dimen267

(/home/cytu/bin/texlive/2021/texmf-dist/tex/latex/base/fontenc.sty
Package: fontenc 2021/04/29 v2.0v Standard LaTeX package
)
(/home/cytu/bin/texlive/2021/texmf-dist/tex/latex/fontspec/fontspec.cfg)))
(/home/cytu/bin/texlive/2021/texmf-dist/tex/xelatex/xecjk/xeCJK.cfg
File: xeCJK.cfg 2021/12/12 v3.8.8 Configuration file for xeCJK package
))

Package fontspec Warning: Font "cwTeX Q Yuan Medium" does not contain
(fontspec)                requested Script "CJK".


Package fontspec Info: Font family 'cwTeXQYuanMedium(0)' created for font
(fontspec)             'cwTeX Q Yuan Medium' with options
(fontspec)             [Script={CJK},AutoFakeBold={2},AutoFakeSlant={0.167}].
(fontspec)              
(fontspec)              This font family consists of the following NFSS
(fontspec)             series/shapes:
(fontspec)              
(fontspec)             - 'normal' (m/n) with NFSS spec.: <->"cwTeX Q Yuan
(fontspec)             Medium/OT:language=dflt;"
(fontspec)             - 'small caps'  (m/sc) with NFSS spec.: 
(fontspec)             - 'bold' (b/n) with NFSS spec.: <->"cwTeX Q Yuan
(fontspec)             Medium/OT:language=dflt;embolden=2;"
(fontspec)             - 'bold small caps'  (b/sc) with NFSS spec.: 
(fontspec)             - 'italic' (m/it) with NFSS spec.: <->"cwTeX Q Yuan
(fontspec)             Medium/OT:language=dflt;slant=0.167;"
(fontspec)             - 'italic small caps'  (m/scit) with NFSS spec.: 
(fontspec)             - 'bold italic' (b/it) with NFSS spec.: <->"cwTeX Q
(fontspec)             Yuan Medium/OT:language=dflt;embolden=2;slant=0.167;"
(fontspec)             - 'bold italic small caps'  (b/scit) with NFSS spec.: 

(/home/cytu/bin/texlive/2021/texmf-dist/tex/latex/lm/lmodern.sty
Package: lmodern 2015/05/01 v1.6.1 Latin Modern Fonts
LaTeX Font Info:    Overwriting symbol font `operators' in version `normal'
(Font)                  OT1/cmr/m/n --> OT1/lmr/m/n on input line 22.
LaTeX Font Info:    Overwriting symbol font `letters' in version `normal'
(Font)                  OML/cmm/m/it --> OML/lmm/m/it on input line 23.
LaTeX Font Info:    Overwriting symbol font `symbols' in version `normal'
(Font)                  OMS/cmsy/m/n --> OMS/lmsy/m/n on input line 24.
LaTeX Font Info:    Overwriting symbol font `largesymbols' in version `normal'
(Font)                  OMX/cmex/m/n --> OMX/lmex/m/n on input line 25.
LaTeX Font Info:    Overwriting symbol font `operators' in version `bold'
(Font)                  OT1/cmr/bx/n --> OT1/lmr/bx/n on input line 26.
LaTeX Font Info:    Overwriting symbol font `letters' in version `bold'
(Font)                  OML/cmm/b/it --> OML/lmm/b/it on input line 27.
LaTeX Font Info:    Overwriting symbol font `symbols' in version `bold'
(Font)                  OMS/cmsy/b/n --> OMS/lmsy/b/n on input line 28.
LaTeX Font Info:    Overwriting symbol font `largesymbols' in version `bold'
(Font)                  OMX/cmex/m/n --> OMX/lmex/m/n on input line 29.
LaTeX Font Info:    Overwriting math alphabet `\mathbf' in version `normal'
(Font)                  OT1/cmr/bx/n --> OT1/lmr/bx/n on input line 31.
LaTeX Font Info:    Overwriting math alphabet `\mathsf' in version `normal'
(Font)                  OT1/cmss/m/n --> OT1/lmss/m/n on input line 32.
LaTeX Font Info:    Overwriting math alphabet `\mathit' in version `normal'
(Font)                  OT1/cmr/m/it --> OT1/lmr/m/it on input line 33.
LaTeX Font Info:    Overwriting math alphabet `\mathtt' in version `normal'
(Font)                  OT1/cmtt/m/n --> OT1/lmtt/m/n on input line 34.
LaTeX Font Info:    Overwriting math alphabet `\mathbf' in version `bold'
(Font)                  OT1/cmr/bx/n --> OT1/lmr/bx/n on input line 35.
LaTeX Font Info:    Overwriting math alphabet `\mathsf' in version `bold'
(Font)                  OT1/cmss/bx/n --> OT1/lmss/bx/n on input line 36.
LaTeX Font Info:    Overwriting math alphabet `\mathit' in version `bold'
(Font)                  OT1/cmr/bx/it --> OT1/lmr/bx/it on input line 37.
LaTeX Font Info:    Overwriting math alphabet `\mathtt' in version `bold'
(Font)                  OT1/cmtt/m/n --> OT1/lmtt/m/n on input line 38.
)
(/home/cytu/bin/texlive/2021/texmf-dist/tex/latex/hyperref/hyperref.sty
Package: hyperref 2022-02-21 v7.00n Hypertext links for LaTeX

(/home/cytu/bin/texlive/2021/texmf-dist/tex/generic/ltxcmds/ltxcmds.sty
Package: ltxcmds 2020-05-10 v1.25 LaTeX kernel commands for general use (HO)
)
(/home/cytu/bin/texlive/2021/texmf-dist/tex/generic/pdftexcmds/pdftexcmds.sty
Package: pdftexcmds 2020-06-27 v0.33 Utility functions of pdfTeX for LuaTeX (HO
)

(/home/cytu/bin/texlive/2021/texmf-dist/tex/generic/infwarerr/infwarerr.sty
Package: infwarerr 2019/12/03 v1.5 Providing info/warning/error messages (HO)
)
Package pdftexcmds Info: \pdf@primitive is available.
Package pdftexcmds Info: \pdf@ifprimitive is available.
Package pdftexcmds Info: \pdfdraftmode not found.
)
(/home/cytu/bin/texlive/2021/texmf-dist/tex/generic/kvsetkeys/kvsetkeys.sty
Package: kvsetkeys 2019/12/15 v1.18 Key value parser (HO)
)
(/home/cytu/bin/texlive/2021/texmf-dist/tex/generic/kvdefinekeys/kvdefinekeys.s
ty
Package: kvdefinekeys 2019-12-19 v1.6 Define keys (HO)
) (/home/cytu/bin/texlive/2021/texmf-dist/tex/generic/pdfescape/pdfescape.sty
Package: pdfescape 2019/12/09 v1.15 Implements pdfTeX's escape features (HO)
) (/home/cytu/bin/texlive/2021/texmf-dist/tex/latex/hycolor/hycolor.sty
Package: hycolor 2020-01-27 v1.10 Color options for hyperref/bookmark (HO)
)
(/home/cytu/bin/texlive/2021/texmf-dist/tex/latex/letltxmacro/letltxmacro.sty
Package: letltxmacro 2019/12/03 v1.6 Let assignment for LaTeX macros (HO)
)
(/home/cytu/bin/texlive/2021/texmf-dist/tex/latex/auxhook/auxhook.sty
Package: auxhook 2019-12-17 v1.6 Hooks for auxiliary files (HO)
)
(/home/cytu/bin/texlive/2021/texmf-dist/tex/latex/kvoptions/kvoptions.sty
Package: kvoptions 2020-10-07 v3.14 Key value format for package options (HO)
)
\@linkdim=\dimen268
\Hy@linkcounter=\count308
\Hy@pagecounter=\count309

(/home/cytu/bin/texlive/2021/texmf-dist/tex/latex/hyperref/pd1enc.def
File: pd1enc.def 2022-02-21 v7.00n Hyperref: PDFDocEncoding definition (HO)
)
(/home/cytu/bin/texlive/2021/texmf-dist/tex/generic/intcalc/intcalc.sty
Package: intcalc 2019/12/15 v1.3 Expandable calculations with integers (HO)
)
(/home/cytu/bin/texlive/2021/texmf-dist/tex/generic/etexcmds/etexcmds.sty
Package: etexcmds 2019/12/15 v1.7 Avoid name clashes with e-TeX commands (HO)
)
\Hy@SavedSpaceFactor=\count310

(/home/cytu/bin/texlive/2021/texmf-dist/tex/latex/hyperref/puenc.def
File: puenc.def 2022-02-21 v7.00n Hyperref: PDF Unicode definition (HO)
)
Package hyperref Info: Hyper figures OFF on input line 4137.
Package hyperref Info: Link nesting OFF on input line 4142.
Package hyperref Info: Hyper index ON on input line 4145.
Package hyperref Info: Plain pages OFF on input line 4152.
Package hyperref Info: Backreferencing OFF on input line 4157.
Package hyperref Info: Implicit mode ON; LaTeX internals redefined.
Package hyperref Info: Bookmarks ON on input line 4390.
\c@Hy@tempcnt=\count311

(/home/cytu/bin/texlive/2021/texmf-dist/tex/latex/url/url.sty
\Urlmuskip=\muskip18
Package: url 2013/09/16  ver 3.4  Verb mode for urls, etc.
)
LaTeX Info: Redefining \url on input line 4749.
\XeTeXLinkMargin=\dimen269

(/home/cytu/bin/texlive/2021/texmf-dist/tex/generic/bitset/bitset.sty
Package: bitset 2019/12/09 v1.3 Handle bit-vector datatype (HO)

(/home/cytu/bin/texlive/2021/texmf-dist/tex/generic/bigintcalc/bigintcalc.sty
Package: bigintcalc 2019/12/15 v1.5 Expandable calculations on big integers (HO
)
))
\Fld@menulength=\count312
\Field@Width=\dimen270
\Fld@charsize=\dimen271
Package hyperref Info: Hyper figures OFF on input line 6027.
Package hyperref Info: Link nesting OFF on input line 6032.
Package hyperref Info: Hyper index ON on input line 6035.
Package hyperref Info: backreferencing OFF on input line 6042.
Package hyperref Info: Link coloring OFF on input line 6047.
Package hyperref Info: Link coloring with OCG OFF on input line 6052.
Package hyperref Info: PDF/A mode OFF on input line 6057.
LaTeX Info: Redefining \ref on input line 6097.
LaTeX Info: Redefining \pageref on input line 6101.
(/home/cytu/bin/texlive/2021/texmf-dist/tex/latex/base/atbegshi-ltx.sty
Package: atbegshi-ltx 2021/01/10 v1.0c Emulation of the original atbegshi
package with kernel methods
)
\Hy@abspage=\count313
\c@Item=\count314
\c@Hfootnote=\count315
)
Package hyperref Info: Driver (autodetected): hxetex.

(/home/cytu/bin/texlive/2021/texmf-dist/tex/latex/hyperref/hxetex.def
File: hxetex.def 2022-02-21 v7.00n Hyperref driver for XeTeX

(/home/cytu/bin/texlive/2021/texmf-dist/tex/generic/stringenc/stringenc.sty
Package: stringenc 2019/11/29 v1.12 Convert strings between diff. encodings (HO
)
)
\pdfm@box=\box57
\c@Hy@AnnotLevel=\count316
\HyField@AnnotCount=\count317
\Fld@listcount=\count318
\c@bookmark@seq@number=\count319

(/home/cytu/bin/texlive/2021/texmf-dist/tex/latex/rerunfilecheck/rerunfilecheck
.sty
Package: rerunfilecheck 2019/12/05 v1.9 Rerun checks for auxiliary files (HO)
 (/home/cytu/bin/texlive/2021/texmf-dist/tex/latex/base/atveryend-ltx.sty
Package: atveryend-ltx 2020/08/19 v1.0a Emulation of the original atveryend pac
kage
with kernel methods
)
(/home/cytu/bin/texlive/2021/texmf-dist/tex/generic/uniquecounter/uniquecounter
.sty
Package: uniquecounter 2019/12/15 v1.4 Provide unlimited unique counter (HO)
)
Package uniquecounter Info: New unique counter `rerunfilecheck' on input line 2
86.
)
\Hy@SectionHShift=\skip67
)
Package hyperref Info: Option `colorlinks' set `true' on input line 49.
 (/home/cytu/bin/texlive/2021/texmf-dist/tex/latex/pgfplots/pgfplots.sty
(/home/cytu/bin/texlive/2021/texmf-dist/tex/generic/pgfplots/pgfplots.revision.
tex)
Package: pgfplots 2021/05/15 v1.18.1 Data Visualization (1.18.1)

(/home/cytu/bin/texlive/2021/texmf-dist/tex/latex/pgf/frontendlayer/tikz.sty
(/home/cytu/bin/texlive/2021/texmf-dist/tex/latex/pgf/basiclayer/pgf.sty
(/home/cytu/bin/texlive/2021/texmf-dist/tex/latex/pgf/utilities/pgfrcs.sty
(/home/cytu/bin/texlive/2021/texmf-dist/tex/generic/pgf/utilities/pgfutil-commo
n.tex
\pgfutil@everybye=\toks32
\pgfutil@tempdima=\dimen272
\pgfutil@tempdimb=\dimen273

(/home/cytu/bin/texlive/2021/texmf-dist/tex/generic/pgf/utilities/pgfutil-commo
n-lists.tex))
(/home/cytu/bin/texlive/2021/texmf-dist/tex/generic/pgf/utilities/pgfutil-latex
.def
\pgfutil@abb=\box58
)
(/home/cytu/bin/texlive/2021/texmf-dist/tex/generic/pgf/utilities/pgfrcs.code.t
ex (/home/cytu/bin/texlive/2021/texmf-dist/tex/generic/pgf/pgf.revision.tex)
Package: pgfrcs 2021/05/15 v3.1.9a (3.1.9a)
))
Package: pgf 2021/05/15 v3.1.9a (3.1.9a)

(/home/cytu/bin/texlive/2021/texmf-dist/tex/latex/pgf/basiclayer/pgfcore.sty
(/home/cytu/bin/texlive/2021/texmf-dist/tex/latex/pgf/systemlayer/pgfsys.sty
(/home/cytu/bin/texlive/2021/texmf-dist/tex/generic/pgf/systemlayer/pgfsys.code
.tex
Package: pgfsys 2021/05/15 v3.1.9a (3.1.9a)

(/home/cytu/bin/texlive/2021/texmf-dist/tex/generic/pgf/utilities/pgfkeys.code.
tex
\pgfkeys@pathtoks=\toks33
\pgfkeys@temptoks=\toks34

(/home/cytu/bin/texlive/2021/texmf-dist/tex/generic/pgf/utilities/pgfkeysfilter
ed.code.tex
\pgfkeys@tmptoks=\toks35
))
\pgf@x=\dimen274
\pgf@y=\dimen275
\pgf@xa=\dimen276
\pgf@ya=\dimen277
\pgf@xb=\dimen278
\pgf@yb=\dimen279
\pgf@xc=\dimen280
\pgf@yc=\dimen281
\pgf@xd=\dimen282
\pgf@yd=\dimen283
\w@pgf@writea=\write3
\r@pgf@reada=\read2
\c@pgf@counta=\count320
\c@pgf@countb=\count321
\c@pgf@countc=\count322
\c@pgf@countd=\count323
\t@pgf@toka=\toks36
\t@pgf@tokb=\toks37
\t@pgf@tokc=\toks38
\pgf@sys@id@count=\count324

(/home/cytu/bin/texlive/2021/texmf-dist/tex/generic/pgf/systemlayer/pgf.cfg
File: pgf.cfg 2021/05/15 v3.1.9a (3.1.9a)
)
Driver file for pgf: pgfsys-xetex.def

(/home/cytu/bin/texlive/2021/texmf-dist/tex/generic/pgf/systemlayer/pgfsys-xete
x.def
File: pgfsys-xetex.def 2021/05/15 v3.1.9a (3.1.9a)

(/home/cytu/bin/texlive/2021/texmf-dist/tex/generic/pgf/systemlayer/pgfsys-dvip
dfmx.def
File: pgfsys-dvipdfmx.def 2021/05/15 v3.1.9a (3.1.9a)

(/home/cytu/bin/texlive/2021/texmf-dist/tex/generic/pgf/systemlayer/pgfsys-comm
on-pdf.def
File: pgfsys-common-pdf.def 2021/05/15 v3.1.9a (3.1.9a)
)
\pgfsys@objnum=\count325
)))
(/home/cytu/bin/texlive/2021/texmf-dist/tex/generic/pgf/systemlayer/pgfsyssoftp
ath.code.tex
File: pgfsyssoftpath.code.tex 2021/05/15 v3.1.9a (3.1.9a)
\pgfsyssoftpath@smallbuffer@items=\count326
\pgfsyssoftpath@bigbuffer@items=\count327
)
(/home/cytu/bin/texlive/2021/texmf-dist/tex/generic/pgf/systemlayer/pgfsysproto
col.code.tex
File: pgfsysprotocol.code.tex 2021/05/15 v3.1.9a (3.1.9a)
))
(/home/cytu/bin/texlive/2021/texmf-dist/tex/generic/pgf/basiclayer/pgfcore.code
.tex
Package: pgfcore 2021/05/15 v3.1.9a (3.1.9a)

(/home/cytu/bin/texlive/2021/texmf-dist/tex/generic/pgf/math/pgfmath.code.tex
(/home/cytu/bin/texlive/2021/texmf-dist/tex/generic/pgf/math/pgfmathcalc.code.t
ex
(/home/cytu/bin/texlive/2021/texmf-dist/tex/generic/pgf/math/pgfmathutil.code.t
ex)
(/home/cytu/bin/texlive/2021/texmf-dist/tex/generic/pgf/math/pgfmathparser.code
.tex
\pgfmath@dimen=\dimen284
\pgfmath@count=\count328
\pgfmath@box=\box59
\pgfmath@toks=\toks39
\pgfmath@stack@operand=\toks40
\pgfmath@stack@operation=\toks41
)
(/home/cytu/bin/texlive/2021/texmf-dist/tex/generic/pgf/math/pgfmathfunctions.c
ode.tex
(/home/cytu/bin/texlive/2021/texmf-dist/tex/generic/pgf/math/pgfmathfunctions.b
asic.code.tex)
(/home/cytu/bin/texlive/2021/texmf-dist/tex/generic/pgf/math/pgfmathfunctions.t
rigonometric.code.tex)
(/home/cytu/bin/texlive/2021/texmf-dist/tex/generic/pgf/math/pgfmathfunctions.r
andom.code.tex)
(/home/cytu/bin/texlive/2021/texmf-dist/tex/generic/pgf/math/pgfmathfunctions.c
omparison.code.tex)
(/home/cytu/bin/texlive/2021/texmf-dist/tex/generic/pgf/math/pgfmathfunctions.b
ase.code.tex)
(/home/cytu/bin/texlive/2021/texmf-dist/tex/generic/pgf/math/pgfmathfunctions.r
ound.code.tex)
(/home/cytu/bin/texlive/2021/texmf-dist/tex/generic/pgf/math/pgfmathfunctions.m
isc.code.tex)
(/home/cytu/bin/texlive/2021/texmf-dist/tex/generic/pgf/math/pgfmathfunctions.i
ntegerarithmetics.code.tex)))
(/home/cytu/bin/texlive/2021/texmf-dist/tex/generic/pgf/math/pgfmathfloat.code.
tex
\c@pgfmathroundto@lastzeros=\count329
))
(/home/cytu/bin/texlive/2021/texmf-dist/tex/generic/pgf/math/pgfint.code.tex)
(/home/cytu/bin/texlive/2021/texmf-dist/tex/generic/pgf/basiclayer/pgfcorepoint
s.code.tex
File: pgfcorepoints.code.tex 2021/05/15 v3.1.9a (3.1.9a)
\pgf@picminx=\dimen285
\pgf@picmaxx=\dimen286
\pgf@picminy=\dimen287
\pgf@picmaxy=\dimen288
\pgf@pathminx=\dimen289
\pgf@pathmaxx=\dimen290
\pgf@pathminy=\dimen291
\pgf@pathmaxy=\dimen292
\pgf@xx=\dimen293
\pgf@xy=\dimen294
\pgf@yx=\dimen295
\pgf@yy=\dimen296
\pgf@zx=\dimen297
\pgf@zy=\dimen298
)
(/home/cytu/bin/texlive/2021/texmf-dist/tex/generic/pgf/basiclayer/pgfcorepathc
onstruct.code.tex
File: pgfcorepathconstruct.code.tex 2021/05/15 v3.1.9a (3.1.9a)
\pgf@path@lastx=\dimen299
\pgf@path@lasty=\dimen300
)
(/home/cytu/bin/texlive/2021/texmf-dist/tex/generic/pgf/basiclayer/pgfcorepathu
sage.code.tex
File: pgfcorepathusage.code.tex 2021/05/15 v3.1.9a (3.1.9a)
\pgf@shorten@end@additional=\dimen301
\pgf@shorten@start@additional=\dimen302
)
(/home/cytu/bin/texlive/2021/texmf-dist/tex/generic/pgf/basiclayer/pgfcorescope
s.code.tex
File: pgfcorescopes.code.tex 2021/05/15 v3.1.9a (3.1.9a)
\pgfpic=\box60
\pgf@hbox=\box61
\pgf@layerbox@main=\box62
\pgf@picture@serial@count=\count330
)
(/home/cytu/bin/texlive/2021/texmf-dist/tex/generic/pgf/basiclayer/pgfcoregraph
icstate.code.tex
File: pgfcoregraphicstate.code.tex 2021/05/15 v3.1.9a (3.1.9a)
\pgflinewidth=\dimen303
)
(/home/cytu/bin/texlive/2021/texmf-dist/tex/generic/pgf/basiclayer/pgfcoretrans
formations.code.tex
File: pgfcoretransformations.code.tex 2021/05/15 v3.1.9a (3.1.9a)
\pgf@pt@x=\dimen304
\pgf@pt@y=\dimen305
\pgf@pt@temp=\dimen306
)
(/home/cytu/bin/texlive/2021/texmf-dist/tex/generic/pgf/basiclayer/pgfcorequick
.code.tex
File: pgfcorequick.code.tex 2021/05/15 v3.1.9a (3.1.9a)
)
(/home/cytu/bin/texlive/2021/texmf-dist/tex/generic/pgf/basiclayer/pgfcoreobjec
ts.code.tex
File: pgfcoreobjects.code.tex 2021/05/15 v3.1.9a (3.1.9a)
)
(/home/cytu/bin/texlive/2021/texmf-dist/tex/generic/pgf/basiclayer/pgfcorepathp
rocessing.code.tex
File: pgfcorepathprocessing.code.tex 2021/05/15 v3.1.9a (3.1.9a)
)
(/home/cytu/bin/texlive/2021/texmf-dist/tex/generic/pgf/basiclayer/pgfcorearrow
s.code.tex
File: pgfcorearrows.code.tex 2021/05/15 v3.1.9a (3.1.9a)
\pgfarrowsep=\dimen307
)
(/home/cytu/bin/texlive/2021/texmf-dist/tex/generic/pgf/basiclayer/pgfcoreshade
.code.tex
File: pgfcoreshade.code.tex 2021/05/15 v3.1.9a (3.1.9a)
\pgf@max=\dimen308
\pgf@sys@shading@range@num=\count331
\pgf@shadingcount=\count332
)
(/home/cytu/bin/texlive/2021/texmf-dist/tex/generic/pgf/basiclayer/pgfcoreimage
.code.tex
File: pgfcoreimage.code.tex 2021/05/15 v3.1.9a (3.1.9a)

(/home/cytu/bin/texlive/2021/texmf-dist/tex/generic/pgf/basiclayer/pgfcoreexter
nal.code.tex
File: pgfcoreexternal.code.tex 2021/05/15 v3.1.9a (3.1.9a)
\pgfexternal@startupbox=\box63
))
(/home/cytu/bin/texlive/2021/texmf-dist/tex/generic/pgf/basiclayer/pgfcorelayer
s.code.tex
File: pgfcorelayers.code.tex 2021/05/15 v3.1.9a (3.1.9a)
)
(/home/cytu/bin/texlive/2021/texmf-dist/tex/generic/pgf/basiclayer/pgfcoretrans
parency.code.tex
File: pgfcoretransparency.code.tex 2021/05/15 v3.1.9a (3.1.9a)
)
(/home/cytu/bin/texlive/2021/texmf-dist/tex/generic/pgf/basiclayer/pgfcorepatte
rns.code.tex
File: pgfcorepatterns.code.tex 2021/05/15 v3.1.9a (3.1.9a)
)
(/home/cytu/bin/texlive/2021/texmf-dist/tex/generic/pgf/basiclayer/pgfcorerdf.c
ode.tex
File: pgfcorerdf.code.tex 2021/05/15 v3.1.9a (3.1.9a)
)))
(/home/cytu/bin/texlive/2021/texmf-dist/tex/generic/pgf/modules/pgfmoduleshapes
.code.tex
File: pgfmoduleshapes.code.tex 2021/05/15 v3.1.9a (3.1.9a)
\pgfnodeparttextbox=\box64
)
(/home/cytu/bin/texlive/2021/texmf-dist/tex/generic/pgf/modules/pgfmoduleplot.c
ode.tex
File: pgfmoduleplot.code.tex 2021/05/15 v3.1.9a (3.1.9a)
)
(/home/cytu/bin/texlive/2021/texmf-dist/tex/latex/pgf/compatibility/pgfcomp-ver
sion-0-65.sty
Package: pgfcomp-version-0-65 2021/05/15 v3.1.9a (3.1.9a)
\pgf@nodesepstart=\dimen309
\pgf@nodesepend=\dimen310
)
(/home/cytu/bin/texlive/2021/texmf-dist/tex/latex/pgf/compatibility/pgfcomp-ver
sion-1-18.sty
Package: pgfcomp-version-1-18 2021/05/15 v3.1.9a (3.1.9a)
))
(/home/cytu/bin/texlive/2021/texmf-dist/tex/latex/pgf/utilities/pgffor.sty
(/home/cytu/bin/texlive/2021/texmf-dist/tex/latex/pgf/utilities/pgfkeys.sty
(/home/cytu/bin/texlive/2021/texmf-dist/tex/generic/pgf/utilities/pgfkeys.code.
tex)) (/home/cytu/bin/texlive/2021/texmf-dist/tex/latex/pgf/math/pgfmath.sty
(/home/cytu/bin/texlive/2021/texmf-dist/tex/generic/pgf/math/pgfmath.code.tex))

(/home/cytu/bin/texlive/2021/texmf-dist/tex/generic/pgf/utilities/pgffor.code.t
ex
Package: pgffor 2021/05/15 v3.1.9a (3.1.9a)

(/home/cytu/bin/texlive/2021/texmf-dist/tex/generic/pgf/math/pgfmath.code.tex)
\pgffor@iter=\dimen311
\pgffor@skip=\dimen312
\pgffor@stack=\toks42
\pgffor@toks=\toks43
))
(/home/cytu/bin/texlive/2021/texmf-dist/tex/generic/pgf/frontendlayer/tikz/tikz
.code.tex
Package: tikz 2021/05/15 v3.1.9a (3.1.9a)

(/home/cytu/bin/texlive/2021/texmf-dist/tex/generic/pgf/libraries/pgflibraryplo
thandlers.code.tex
File: pgflibraryplothandlers.code.tex 2021/05/15 v3.1.9a (3.1.9a)
\pgf@plot@mark@count=\count333
\pgfplotmarksize=\dimen313
)
\tikz@lastx=\dimen314
\tikz@lasty=\dimen315
\tikz@lastxsaved=\dimen316
\tikz@lastysaved=\dimen317
\tikz@lastmovetox=\dimen318
\tikz@lastmovetoy=\dimen319
\tikzleveldistance=\dimen320
\tikzsiblingdistance=\dimen321
\tikz@figbox=\box65
\tikz@figbox@bg=\box66
\tikz@tempbox=\box67
\tikz@tempbox@bg=\box68
\tikztreelevel=\count334
\tikznumberofchildren=\count335
\tikznumberofcurrentchild=\count336
\tikz@fig@count=\count337

(/home/cytu/bin/texlive/2021/texmf-dist/tex/generic/pgf/modules/pgfmodulematrix
.code.tex
File: pgfmodulematrix.code.tex 2021/05/15 v3.1.9a (3.1.9a)
\pgfmatrixcurrentrow=\count338
\pgfmatrixcurrentcolumn=\count339
\pgf@matrix@numberofcolumns=\count340
)
\tikz@expandcount=\count341

(/home/cytu/bin/texlive/2021/texmf-dist/tex/generic/pgf/frontendlayer/tikz/libr
aries/tikzlibrarytopaths.code.tex
File: tikzlibrarytopaths.code.tex 2021/05/15 v3.1.9a (3.1.9a)
)))
(/home/cytu/bin/texlive/2021/texmf-dist/tex/generic/pgfplots/pgfplots.code.tex
(/home/cytu/bin/texlive/2021/texmf-dist/tex/generic/pgfplots/pgfplotscore.code.
tex
\t@pgfplots@toka=\toks44
\t@pgfplots@tokb=\toks45
\t@pgfplots@tokc=\toks46
\pgfplots@tmpa=\dimen322
\c@pgfplots@coordindex=\count342
\c@pgfplots@scanlineindex=\count343

(/home/cytu/bin/texlive/2021/texmf-dist/tex/generic/pgfplots/sys/pgfplotssysgen
eric.code.tex))
(/home/cytu/bin/texlive/2021/texmf-dist/tex/generic/pgfplots/libs/pgfplotslibra
ry.code.tex)
(/home/cytu/bin/texlive/2021/texmf-dist/tex/generic/pgfplots/oldpgfcompatib/pgf
plotsoldpgfsupp_loader.code.tex
(/home/cytu/bin/texlive/2021/texmf-dist/tex/generic/pgf/libraries/pgflibraryfpu
.code.tex))
(/home/cytu/bin/texlive/2021/texmf-dist/tex/generic/pgfplots/util/pgfplotsutil.
code.tex
(/home/cytu/bin/texlive/2021/texmf-dist/tex/generic/pgfplots/liststructure/pgfp
lotsliststructure.code.tex)
(/home/cytu/bin/texlive/2021/texmf-dist/tex/generic/pgfplots/liststructure/pgfp
lotsliststructureext.code.tex)
(/home/cytu/bin/texlive/2021/texmf-dist/tex/generic/pgfplots/liststructure/pgfp
lotsarray.code.tex
\c@pgfplotsarray@tmp=\count344
)
(/home/cytu/bin/texlive/2021/texmf-dist/tex/generic/pgfplots/liststructure/pgfp
lotsmatrix.code.tex)
(/home/cytu/bin/texlive/2021/texmf-dist/tex/generic/pgfplots/numtable/pgfplotst
ableshared.code.tex
\c@pgfplotstable@counta=\count345
\t@pgfplotstable@a=\toks47
)
(/home/cytu/bin/texlive/2021/texmf-dist/tex/generic/pgfplots/liststructure/pgfp
lotsdeque.code.tex)
(/home/cytu/bin/texlive/2021/texmf-dist/tex/generic/pgfplots/util/pgfplotsbinar
y.code.tex
(/home/cytu/bin/texlive/2021/texmf-dist/tex/generic/pgfplots/util/pgfplotsbinar
y.data.code.tex))
(/home/cytu/bin/texlive/2021/texmf-dist/tex/generic/pgfplots/util/pgfplotsutil.
verb.code.tex)
(/home/cytu/bin/texlive/2021/texmf-dist/tex/generic/pgfplots/libs/pgflibrarypgf
plots.surfshading.code.tex
\c@pgfplotslibrarysurf@no=\count346

(/home/cytu/bin/texlive/2021/texmf-dist/tex/generic/pgfplots/sys/pgflibrarypgfp
lots.surfshading.pgfsys-xetex.def
(/home/cytu/bin/texlive/2021/texmf-dist/tex/generic/pgfplots/sys/pgflibrarypgfp
lots.surfshading.pgfsys-dvipdfmx.def
\c@pgfplotslibrarysurf@streamlen=\count347
))))
(/home/cytu/bin/texlive/2021/texmf-dist/tex/generic/pgfplots/util/pgfplotscolor
map.code.tex
(/home/cytu/bin/texlive/2021/texmf-dist/tex/generic/pgfplots/util/pgfplotscolor
.code.tex))
(/home/cytu/bin/texlive/2021/texmf-dist/tex/generic/pgfplots/pgfplotsstackedplo
ts.code.tex)
(/home/cytu/bin/texlive/2021/texmf-dist/tex/generic/pgfplots/pgfplotsplothandle
rs.code.tex
(/home/cytu/bin/texlive/2021/texmf-dist/tex/generic/pgfplots/pgfplotsmeshplotha
ndler.code.tex
(/home/cytu/bin/texlive/2021/texmf-dist/tex/generic/pgfplots/pgfplotsmeshplotim
age.code.tex)))
(/home/cytu/bin/texlive/2021/texmf-dist/tex/generic/pgfplots/pgfplots.scaling.c
ode.tex)
(/home/cytu/bin/texlive/2021/texmf-dist/tex/generic/pgfplots/pgfplotscoordproce
ssing.code.tex)
(/home/cytu/bin/texlive/2021/texmf-dist/tex/generic/pgfplots/pgfplots.errorbars
.code.tex)
(/home/cytu/bin/texlive/2021/texmf-dist/tex/generic/pgfplots/pgfplots.markers.c
ode.tex)
(/home/cytu/bin/texlive/2021/texmf-dist/tex/generic/pgfplots/pgfplotsticks.code
.tex)
(/home/cytu/bin/texlive/2021/texmf-dist/tex/generic/pgfplots/pgfplots.paths.cod
e.tex)
(/home/cytu/bin/texlive/2021/texmf-dist/tex/generic/pgf/frontendlayer/tikz/libr
aries/tikzlibrarydecorations.code.tex
(/home/cytu/bin/texlive/2021/texmf-dist/tex/generic/pgf/modules/pgfmoduledecora
tions.code.tex
\pgfdecoratedcompleteddistance=\dimen323
\pgfdecoratedremainingdistance=\dimen324
\pgfdecoratedinputsegmentcompleteddistance=\dimen325
\pgfdecoratedinputsegmentremainingdistance=\dimen326
\pgf@decorate@distancetomove=\dimen327
\pgf@decorate@repeatstate=\count348
\pgfdecorationsegmentamplitude=\dimen328
\pgfdecorationsegmentlength=\dimen329
)
\tikz@lib@dec@box=\box69
)
(/home/cytu/bin/texlive/2021/texmf-dist/tex/generic/pgf/frontendlayer/tikz/libr
aries/tikzlibrarydecorations.pathmorphing.code.tex
(/home/cytu/bin/texlive/2021/texmf-dist/tex/generic/pgf/libraries/decorations/p
gflibrarydecorations.pathmorphing.code.tex))
(/home/cytu/bin/texlive/2021/texmf-dist/tex/generic/pgf/frontendlayer/tikz/libr
aries/tikzlibrarydecorations.pathreplacing.code.tex
(/home/cytu/bin/texlive/2021/texmf-dist/tex/generic/pgf/libraries/decorations/p
gflibrarydecorations.pathreplacing.code.tex))
(/home/cytu/bin/texlive/2021/texmf-dist/tex/generic/pgfplots/libs/tikzlibrarypg
fplots.contourlua.code.tex)
\pgfplots@numplots=\count349
\pgfplots@xmin@reg=\dimen330
\pgfplots@xmax@reg=\dimen331
\pgfplots@ymin@reg=\dimen332
\pgfplots@ymax@reg=\dimen333
\pgfplots@zmin@reg=\dimen334
\pgfplots@zmax@reg=\dimen335
)
(/home/cytu/bin/texlive/2021/texmf-dist/tex/generic/pgf/frontendlayer/tikz/libr
aries/tikzlibraryplotmarks.code.tex
File: tikzlibraryplotmarks.code.tex 2021/05/15 v3.1.9a (3.1.9a)

(/home/cytu/bin/texlive/2021/texmf-dist/tex/generic/pgf/libraries/pgflibraryplo
tmarks.code.tex
File: pgflibraryplotmarks.code.tex 2021/05/15 v3.1.9a (3.1.9a)
)))
(/home/cytu/bin/texlive/2021/texmf-dist/tex/generic/pgf/libraries/pgflibraryarr
ows.meta.code.tex
File: pgflibraryarrows.meta.code.tex 2021/05/15 v3.1.9a (3.1.9a)
\pgfarrowinset=\dimen336
\pgfarrowlength=\dimen337
\pgfarrowwidth=\dimen338
\pgfarrowlinewidth=\dimen339
)
(/home/cytu/bin/texlive/2021/texmf-dist/tex/generic/pgf/frontendlayer/tikz/libr
aries/tikzlibraryangles.code.tex
File: tikzlibraryangles.code.tex 2021/05/15 v3.1.9a (3.1.9a)
)
(/home/cytu/bin/texlive/2021/texmf-dist/tex/generic/pgf/frontendlayer/tikz/libr
aries/tikzlibraryquotes.code.tex
File: tikzlibraryquotes.code.tex 2021/05/15 v3.1.9a (3.1.9a)
)
(/home/cytu/bin/texlive/2021/texmf-dist/tex/generic/pgf/frontendlayer/tikz/libr
aries/tikzlibrarypatterns.code.tex
File: tikzlibrarypatterns.code.tex 2021/05/15 v3.1.9a (3.1.9a)

(/home/cytu/bin/texlive/2021/texmf-dist/tex/generic/pgf/libraries/pgflibrarypat
terns.code.tex
File: pgflibrarypatterns.code.tex 2021/05/15 v3.1.9a (3.1.9a)
))
(/home/cytu/bin/texlive/2021/texmf-dist/tex/latex/tools/multicol.sty
Package: multicol 2021/10/28 v1.9b multicolumn formatting (FMi)
\c@tracingmulticols=\count350
\mult@box=\box70
\multicol@leftmargin=\dimen340
\c@unbalance=\count351
\c@collectmore=\count352
\doublecol@number=\count353
\multicoltolerance=\count354
\multicolpretolerance=\count355
\full@width=\dimen341
\page@free=\dimen342
\premulticols=\dimen343
\postmulticols=\dimen344
\multicolsep=\skip68
\multicolbaselineskip=\skip69
\partial@page=\box71
\last@line=\box72
\maxbalancingoverflow=\dimen345
\mult@rightbox=\box73
\mult@grightbox=\box74
\mult@firstbox=\box75
\mult@gfirstbox=\box76
\@tempa=\box77
\@tempa=\box78
\@tempa=\box79
\@tempa=\box80
\@tempa=\box81
\@tempa=\box82
\@tempa=\box83
\@tempa=\box84
\@tempa=\box85
\@tempa=\box86
\@tempa=\box87
\@tempa=\box88
\@tempa=\box89
\@tempa=\box90
\@tempa=\box91
\@tempa=\box92
\@tempa=\box93
\@tempa=\box94
\@tempa=\box95
\@tempa=\box96
\@tempa=\box97
\@tempa=\box98
\@tempa=\box99
\@tempa=\box100
\@tempa=\box101
\@tempa=\box102
\@tempa=\box103
\@tempa=\box104
\@tempa=\box105
\@tempa=\box106
\@tempa=\box107
\@tempa=\box108
\@tempa=\box109
\@tempa=\box110
\@tempa=\box111
\@tempa=\box112
\c@minrows=\count356
\c@columnbadness=\count357
\c@finalcolumnbadness=\count358
\last@try=\dimen346
\multicolovershoot=\dimen347
\multicolundershoot=\dimen348
\mult@nat@firstbox=\box113
\colbreak@box=\box114
\mc@col@check@num=\count359
)
(/home/cytu/bin/texlive/2021/texmf-dist/tex/latex/base/ifthen.sty
Package: ifthen 2020/11/24 v1.1c Standard LaTeX ifthen package (DPC)
)
(/home/cytu/bin/texlive/2021/texmf-dist/tex/latex/fancyhdr/fancyhdr.sty
Package: fancyhdr 2021/01/28 v4.0.1 Extensive control of page headers and foote
rs
\f@nch@headwidth=\skip70
\f@nch@O@elh=\skip71
\f@nch@O@erh=\skip72
\f@nch@O@olh=\skip73
\f@nch@O@orh=\skip74
\f@nch@O@elf=\skip75
\f@nch@O@erf=\skip76
\f@nch@O@olf=\skip77
\f@nch@O@orf=\skip78
)
(/home/cytu/bin/texlive/2021/texmf-dist/tex/latex/datetime2/datetime2.sty
Package: datetime2 2021/03/21 v1.5.7 (NLCT) date and time formats

(/home/cytu/bin/texlive/2021/texmf-dist/tex/latex/tracklang/tracklang.sty
Package: tracklang 2020/06/30 v1.5 (NLCT) Track Languages

(/home/cytu/bin/texlive/2021/texmf-dist/tex/generic/tracklang/tracklang.tex))
(/home/cytu/bin/texlive/2021/texmf-dist/tex/latex/etoolbox/etoolbox.sty
Package: etoolbox 2020/10/05 v2.5k e-TeX tools for LaTeX (JAW)
\etb@tempcnta=\count360
)
(/home/cytu/bin/texlive/2021/texmf-dist/tex/latex/xkeyval/xkeyval.sty
Package: xkeyval 2020/11/20 v2.8 package option processing (HA)

(/home/cytu/bin/texlive/2021/texmf-dist/tex/generic/xkeyval/xkeyval.tex
(/home/cytu/bin/texlive/2021/texmf-dist/tex/generic/xkeyval/xkvutils.tex
\XKV@toks=\toks48
\XKV@tempa@toks=\toks49
)
\XKV@depth=\count361
File: xkeyval.tex 2014/12/03 v2.7a key=value parser (HA)
)))
(./note04.aux)
\openout1 = `note04.aux'.

LaTeX Font Info:    Checking defaults for OML/cmm/m/it on input line 129.
LaTeX Font Info:    ... okay on input line 129.
LaTeX Font Info:    Checking defaults for OMS/cmsy/m/n on input line 129.
LaTeX Font Info:    ... okay on input line 129.
LaTeX Font Info:    Checking defaults for OT1/cmr/m/n on input line 129.
LaTeX Font Info:    ... okay on input line 129.
LaTeX Font Info:    Checking defaults for T1/cmr/m/n on input line 129.
LaTeX Font Info:    ... okay on input line 129.
LaTeX Font Info:    Checking defaults for TS1/cmr/m/n on input line 129.
LaTeX Font Info:    Trying to load font information for TS1+cmr on input line 1
29.
 (/home/cytu/bin/texlive/2021/texmf-dist/tex/latex/base/ts1cmr.fd
File: ts1cmr.fd 2019/12/16 v2.5j Standard LaTeX font definitions
)
LaTeX Font Info:    ... okay on input line 129.
LaTeX Font Info:    Checking defaults for TU/lmr/m/n on input line 129.
LaTeX Font Info:    ... okay on input line 129.
LaTeX Font Info:    Checking defaults for OMX/cmex/m/n on input line 129.
LaTeX Font Info:    ... okay on input line 129.
LaTeX Font Info:    Checking defaults for U/cmr/m/n on input line 129.
LaTeX Font Info:    ... okay on input line 129.
LaTeX Font Info:    Checking defaults for PD1/pdf/m/n on input line 129.
LaTeX Font Info:    ... okay on input line 129.
LaTeX Font Info:    Checking defaults for PU/pdf/m/n on input line 129.
LaTeX Font Info:    ... okay on input line 129.

*geometry* driver: auto-detecting
*geometry* detected driver: xetex
*geometry* verbose mode - [ preamble ] result:
* driver: xetex
* paper: <default>
* layout: <same size as paper>
* layoutoffset:(h,v)=(0.0pt,0.0pt)
* modes: 
* h-part:(L,W,R)=(28.45274pt, 557.38951pt, 28.45274pt)
* v-part:(T,H,B)=(28.45274pt, 738.0645pt, 28.45274pt)
* \paperwidth=614.295pt
* \paperheight=794.96999pt
* \textwidth=557.38951pt
* \textheight=738.0645pt
* \oddsidemargin=-43.81725pt
* \evensidemargin=-43.81725pt
* \topmargin=-80.81725pt
* \headheight=12.0pt
* \headsep=25.0pt
* \topskip=12.0pt
* \footskip=14.22636pt
* \marginparwidth=44.0pt
* \marginparsep=10.0pt
* \columnsep=10.0pt
* \skip\footins=10.8pt plus 4.0pt minus 2.0pt
* \hoffset=0.0pt
* \voffset=0.0pt
* \mag=1000
* \@twocolumnfalse
* \@twosidefalse
* \@mparswitchfalse
* \@reversemarginfalse
* (1in=72.27pt=25.4mm, 1cm=28.453pt)

Package hyperref Info: Link coloring ON on input line 129.
(/home/cytu/bin/texlive/2021/texmf-dist/tex/latex/hyperref/nameref.sty
Package: nameref 2021-04-02 v2.47 Cross-referencing by name of section

(/home/cytu/bin/texlive/2021/texmf-dist/tex/latex/refcount/refcount.sty
Package: refcount 2019/12/15 v3.6 Data extraction from label references (HO)
)
(/home/cytu/bin/texlive/2021/texmf-dist/tex/generic/gettitlestring/gettitlestri
ng.sty
Package: gettitlestring 2019/12/15 v1.6 Cleanup title references (HO)
)
\c@section@level=\count362
)
LaTeX Info: Redefining \ref on input line 129.
LaTeX Info: Redefining \pageref on input line 129.
LaTeX Info: Redefining \nameref on input line 129.
 (./note04.out) (./note04.out)
\@outlinefile=\write4
\openout4 = `note04.out'.



Package pgfplots Warning: running in backwards compatibility mode (unsuitable t
ick labels; missing features). Consider writing \pgfplotsset{compat=1.18} into 
your preamble.
 on input line 129.

LaTeX Font Info:    Trying to load font information for OT1+lmr on input line 1
34.
(/home/cytu/bin/texlive/2021/texmf-dist/tex/latex/lm/ot1lmr.fd
File: ot1lmr.fd 2015/05/01 v1.6.1 Font defs for Latin Modern
)
LaTeX Font Info:    Trying to load font information for OML+lmm on input line 1
34.

(/home/cytu/bin/texlive/2021/texmf-dist/tex/latex/lm/omllmm.fd
File: omllmm.fd 2015/05/01 v1.6.1 Font defs for Latin Modern
)
LaTeX Font Info:    Trying to load font information for OMS+lmsy on input line 
134.

(/home/cytu/bin/texlive/2021/texmf-dist/tex/latex/lm/omslmsy.fd
File: omslmsy.fd 2015/05/01 v1.6.1 Font defs for Latin Modern
)
LaTeX Font Info:    Trying to load font information for OMX+lmex on input line 
134.

(/home/cytu/bin/texlive/2021/texmf-dist/tex/latex/lm/omxlmex.fd
File: omxlmex.fd 2015/05/01 v1.6.1 Font defs for Latin Modern
)
LaTeX Font Info:    External font `lmex10' loaded for size
(Font)              <14.4> on input line 134.
LaTeX Font Info:    External font `lmex10' loaded for size
(Font)              <10> on input line 134.
LaTeX Font Info:    External font `lmex10' loaded for size
(Font)              <7> on input line 134.
LaTeX Font Info:    Trying to load font information for U+msa on input line 134
.

(/home/cytu/bin/texlive/2021/texmf-dist/tex/latex/amsfonts/umsa.fd
File: umsa.fd 2013/01/14 v3.01 AMS symbols A
)
LaTeX Font Info:    Trying to load font information for U+msb on input line 134
.

(/home/cytu/bin/texlive/2021/texmf-dist/tex/latex/amsfonts/umsb.fd
File: umsb.fd 2013/01/14 v3.01 AMS symbols B
)
LaTeX Font Info:    External font `lmex10' loaded for size
(Font)              <12> on input line 139.
LaTeX Font Info:    External font `lmex10' loaded for size
(Font)              <8> on input line 139.
LaTeX Font Info:    External font `lmex10' loaded for size
(Font)              <6> on input line 139.
 [1

]
Overfull \hbox (26.71922pt too wide) in paragraph at lines 268--269
[]\TU/cwTeXQYuanMedium(0)/b/n/12 解\TU/lmr/bx/n/12 . []$[] [][] \OML/lmm/m/it/12
 ax \OT1/lmr/m/n/12 d\OML/lmm/m/it/12 x \OT1/lmr/m/n/12 = [] [][][][] d\OML/lmm
/m/it/12 x \OT1/lmr/m/n/12 = [] [] []1 + 2 [] 2\OML/lmm/m/it/12 ax \OT1/lmr/m/n
/12 + [][] 2\OML/lmm/m/it/12 ax[] \OT1/lmr/m/n/12 d\OML/lmm/m/it/12 x \OT1/lmr/
m/n/12 = [] [] []1 + 2 [] 2\OML/lmm/m/it/12 ax \OT1/lmr/m/n/12 + [][] d\OML/lmm
/m/it/12 x \OT1/lmr/m/n/12 =
 []

[2] [3]
Overfull \hbox (9.06253pt too wide) in paragraph at lines 333--334
[]$[] [] []\OML/lmm/m/it/12 x \OT1/lmr/m/n/12 = [] [] []\OML/lmm/m/it/12 x \OT1
/lmr/m/n/12 + [] [] []\OML/lmm/m/it/12 x$\TU/cwTeXQYuanMedium(0)/m/n/12 。|  令 $
\OML/lmm/m/it/12 u \OT1/lmr/m/n/12 = []$\TU/cwTeXQYuanMedium(0)/m/n/12 ，|  則 $[
]\OML/lmm/m/it/12 u \OT1/lmr/m/n/12 = [] []\OML/lmm/m/it/12 x  \OT1/lmr/m/n/12 
=[]\OMS/lmsy/m/n/12 )  [] []\OML/lmm/m/it/12 x \OT1/lmr/m/n/12 =
 []


Overfull \hbox (5.84567pt too wide) in paragraph at lines 333--334
\OMS/lmsy/m/n/12 ^^@[]\OML/lmm/m/it/12 u$\TU/cwTeXQYuanMedium(0)/m/n/12 ，|  故 $
[] [] []\OML/lmm/m/it/12 x \OT1/lmr/m/n/12 = [] \OMS/lmsy/m/n/12 ^^@[]\OML/lmm/
m/it/12 u \OT1/lmr/m/n/12 = \OMS/lmsy/m/n/12 ^^@\OML/lmm/m/it/12 u \OT1/lmr/m/n
/12 + \OML/lmm/m/it/12 c \OT1/lmr/m/n/12 = \OMS/lmsy/m/n/12 ^^@[]$\TU/cwTeXQYua
nMedium(0)/m/n/12 ，| $[] [] []\OML/lmm/m/it/12 x \OT1/lmr/m/n/12 = [] [] []\OML
/lmm/m/it/12 x \OT1/lmr/m/n/12 + [] [] []\OML/lmm/m/it/12 x \OT1/lmr/m/n/12 =
 []


Overfull \hbox (13.05885pt too wide) in paragraph at lines 338--339
[]\TU/cwTeXQYuanMedium(0)/m/n/12 令 $\OML/lmm/m/it/12 u \OT1/lmr/m/n/12 = [] \OM
L/lmm/m/it/12 x$\TU/cwTeXQYuanMedium(0)/m/n/12 ，|  則 $[]\OML/lmm/m/it/12 u \OT1
/lmr/m/n/12 = [] []\OML/lmm/m/it/12 x$\TU/cwTeXQYuanMedium(0)/m/n/12 ，|  故 $[] 
[] \OT1/lmr/m/n/12 d\OML/lmm/m/it/12 x \OT1/lmr/m/n/12 = [] [][]([] \OML/lmm/m/
it/12 x\OT1/lmr/m/n/12 ) [][]([] \OML/lmm/m/it/12 x\OT1/lmr/m/n/12 ) \OMS/lmsy/
m/n/12 ^^A [] \OT1/lmr/m/n/12 d\OML/lmm/m/it/12 x \OT1/lmr/m/n/12 = [] [][] \OM
L/lmm/m/it/12 u [][] u []u \OT1/lmr/m/n/12 =
 []

[4] [5]
Overfull \hbox (11.17484pt too wide) in paragraph at lines 412--430
[]\TU/cwTeXQYuanMedium(0)/b/n/12 解\TU/lmr/bx/n/12 . []$[]$   $[]$ 
 []


Overfull \hbox (11.18333pt too wide) in paragraph at lines 437--458
[]\TU/cwTeXQYuanMedium(0)/b/n/12 解\TU/lmr/bx/n/12 . []$[]$   $[]$ 
 []


Overfull \hbox (9.65034pt too wide) in paragraph at lines 486--487
[][] 
 []


Overfull \hbox (11.17482pt too wide) in paragraph at lines 465--492
[]\TU/cwTeXQYuanMedium(0)/b/n/12 解\TU/lmr/bx/n/12 . []$[]$   $[]$ 
 []


Overfull \hbox (11.17484pt too wide) in paragraph at lines 499--529
[]\TU/cwTeXQYuanMedium(0)/b/n/12 解\TU/lmr/bx/n/12 . []$[]$   $[]$ 
 []

[6]
Underfull \hbox (badness 10000) in paragraph at lines 546--557
[][]
 []


Overfull \hbox (11.18333pt too wide) in paragraph at lines 536--562
[]\TU/cwTeXQYuanMedium(0)/b/n/12 解\TU/lmr/bx/n/12 . []$[]$   $[]$ 
 []


Overfull \hbox (11.18333pt too wide) in paragraph at lines 569--588
[]\TU/cwTeXQYuanMedium(0)/b/n/12 解\TU/lmr/bx/n/12 . []$[]$   $[]$ 
 []


Overfull \hbox (11.18333pt too wide) in paragraph at lines 595--614
[]\TU/cwTeXQYuanMedium(0)/b/n/12 解\TU/lmr/bx/n/12 . []$[]$   $[]$ 
 []

[7]
Overfull \hbox (36.99597pt too wide) in paragraph at lines 651--652
[][] 
 []


Overfull \hbox (21.57117pt too wide) in paragraph at lines 635--659
[]$   $[]$ 
 []


Overfull \hbox (24.05786pt too wide) in paragraph at lines 678--679
[][] 
 []


Overfull \hbox (21.57117pt too wide) in paragraph at lines 659--687
[]$   $[]$ 
 []


Overfull \hbox (41.25012pt too wide) in paragraph at lines 701--702
[][] 
 []


Overfull \hbox (21.57117pt too wide) in paragraph at lines 687--710
[]$   $[]$ 
 []

[8]
File: fig/lu.pdf Graphic file (type pdf)
<use fig/lu.pdf, page 1>
File: fig/lu.pdf Graphic file (type pdf)
<use fig/lu.pdf, page 2>
 [9] [10]
Overfull \hbox (16.98166pt too wide) in paragraph at lines 820--821
[]\TU/cwTeXQYuanMedium(0)/b/n/12 證\TU/lmr/bx/n/12 . []\TU/cwTeXQYuanMedium(0)/m
/n/12 考 慮 $[] \OML/lmm/m/it/12 e[] \OT1/lmr/m/n/12 = []$\TU/cwTeXQYuanMedium(0)
/m/n/12 ，|  則 $[] [] \OML/lmm/m/it/12 kx \OT1/lmr/m/n/12 = \OMS/lmsy/m/n/12 <[]
 [] \OML/lmm/m/it/12 e[][] \OT1/lmr/m/n/12 = \OMS/lmsy/m/n/12 <[][][] \OT1/lmr/
m/n/12 = \OMS/lmsy/m/n/12 <[][][] \OT1/lmr/m/n/12 =
 []


Overfull \hbox (4.77744pt too wide) in paragraph at lines 830--831
[] [][][] \OMS/lmsy/m/n/12 ^^@ \OT1/lmr/m/n/12 1[] \OMS/lmsy/m/n/12 ^^A [] \OT1
/lmr/m/n/12 = [] [] = [] [] [][] + [][]\OML/lmm/m/it/12 ^^Y \OMS/lmsy/m/n/12 ^^
A [] [] \OT1/lmr/m/n/12 =
 []

[11] [12] [13] [14] (./note04.aux)
Package rerunfilecheck Info: File `note04.out' has not changed.
(rerunfilecheck)             Checksum: D41D8CD98F00B204E9800998ECF8427E;0.
 ) 
Here is how much of TeX's memory you used:
 39200 strings out of 476180
 966172 string characters out of 5807791
 1433900 words of memory out of 5000000
 59329 multiletter control sequences out of 15000+600000
 494622 words of font info for 79 fonts, out of 8000000 for 9000
 1348 hyphenation exceptions out of 8191
 99i,13n,94p,1324b,860s stack positions out of 5000i,500n,10000p,200000b,80000s

Output written on note04.pdf (14 pages).
